#
# There is insufficient memory for the Java Runtime Environment to continue.
# Native memory allocation (malloc) failed to allocate 32784 bytes for Chunk::new
# Possible reasons:
#   The system is out of physical RAM or swap space
#   The process is running with CompressedOops enabled, and the Java Heap may be blocking the growth of the native heap
# Possible solutions:
#   Reduce memory load on the system
#   Increase physical memory or swap space
#   Check if swap backing store is full
#   Decrease Java heap size (-Xmx/-Xms)
#   Decrease number of Java threads
#   Decrease Java thread stack sizes (-Xss)
#   Set larger code cache with -XX:ReservedCodeCacheSize=
#   JVM is running with Unscaled Compressed Oops mode in which the Java heap is
#     placed in the first 4GB address space. The Java Heap base address is the
#     maximum limit for the native heap growth. Please use -XX:HeapBaseMinAddress
#     to set the Java Heap base and to place the Java Heap above 4GB virtual address.
# This output file may be truncated or incomplete.
#
#  Out of Memory Error (allocation.cpp:389), pid=31092, tid=0x000000000000a57c
#
# JRE version: OpenJDK Runtime Environment (8.0_242-b01) (build 1.8.0_242-release-1644-b01)
# Java VM: OpenJDK 64-Bit Server VM (25.242-b01 mixed mode windows-amd64 compressed oops)
# Failed to write core dump. Minidumps are not enabled by default on client versions of Windows
#

---------------  T H R E A D  ---------------

Current thread (0x000000001a122800):  JavaThread "C2 CompilerThread0" daemon [_thread_in_native, id=42364, stack(0x000000001bd80000,0x000000001be80000)]

Stack: [0x000000001bd80000,0x000000001be80000]
[error occurred during error reporting (printing stack bounds), id 0xc0000005]

Native frames: (J=compiled Java code, j=interpreted, Vv=VM code, C=native code)


Current CompileTask:
C2: 143455 11860       4       com.google.common.collect.Interners$InternerImpl::intern (50 bytes)


---------------  P R O C E S S  ---------------

Java Threads: ( => current thread )
  0x000000001d046000 JavaThread "stdout" [_thread_in_native, id=31120, stack(0x0000000033570000,0x0000000033670000)]
  0x000000001d04c000 JavaThread "stderr" [_thread_in_native, id=43432, stack(0x0000000033470000,0x0000000033570000)]
  0x000000001d044800 JavaThread "pool-4-thread-1" [_thread_blocked, id=26448, stack(0x00000000313d0000,0x00000000314d0000)]
  0x000000001d04b800 JavaThread "WorkerExecutor Queue Thread 2" [_thread_in_Java, id=33612, stack(0x00000000312d0000,0x00000000313d0000)]
  0x000000001d043000 JavaThread "Cache worker for execution history cache (C:\Users\USER\Videos\shan\v1\Test\.gradle\6.5\executionHistory)" [_thread_blocked, id=36412, stack(0x00000000309e0000,0x0000000030ae0000)]
  0x000000001d04a000 JavaThread "Execution worker for ':' Thread 15" [_thread_blocked, id=30444, stack(0x00000000308e0000,0x00000000309e0000)]
  0x000000001d048800 JavaThread "Execution worker for ':' Thread 14" [_thread_blocked, id=44136, stack(0x00000000307e0000,0x00000000308e0000)]
  0x000000001d044000 JavaThread "Execution worker for ':' Thread 13" [_thread_blocked, id=14296, stack(0x00000000306e0000,0x00000000307e0000)]
  0x000000001d047000 JavaThread "Execution worker for ':' Thread 12" [_thread_blocked, id=11504, stack(0x00000000305e0000,0x00000000306e0000)]
  0x000000001d049000 JavaThread "Execution worker for ':' Thread 11" [_thread_blocked, id=36228, stack(0x00000000304e0000,0x00000000305e0000)]
  0x000000001d047800 JavaThread "Execution worker for ':' Thread 10" [_thread_blocked, id=44256, stack(0x00000000303e0000,0x00000000304e0000)]
  0x000000001d045800 JavaThread "Execution worker for ':' Thread 9" [_thread_blocked, id=43324, stack(0x00000000302e0000,0x00000000303e0000)]
  0x000000001efbb000 JavaThread "Execution worker for ':' Thread 8" [_thread_blocked, id=18540, stack(0x00000000301e0000,0x00000000302e0000)]
  0x000000001efb9000 JavaThread "Execution worker for ':' Thread 7" [_thread_blocked, id=7236, stack(0x00000000300e0000,0x00000000301e0000)]
  0x000000001efb8000 JavaThread "Execution worker for ':' Thread 6" [_thread_blocked, id=17468, stack(0x000000002ffe0000,0x00000000300e0000)]
  0x000000001efba800 JavaThread "Execution worker for ':' Thread 5" [_thread_blocked, id=32576, stack(0x000000002fca0000,0x000000002fda0000)]
  0x000000001efbc000 JavaThread "Execution worker for ':' Thread 4" [_thread_blocked, id=39096, stack(0x000000002e9b0000,0x000000002eab0000)]
  0x000000001efb7800 JavaThread "Execution worker for ':' Thread 3" [_thread_blocked, id=32628, stack(0x000000002e6b0000,0x000000002e7b0000)]
  0x000000001efb6800 JavaThread "Execution worker for ':' Thread 2" [_thread_blocked, id=21144, stack(0x000000002c640000,0x000000002c740000)]
  0x000000001efb3000 JavaThread "Execution worker for ':'" [_thread_blocked, id=13812, stack(0x000000002c340000,0x000000002c440000)]
  0x000000001efb9800 JavaThread "Cache worker for file content cache (C:\Users\USER\Videos\shan\v1\Test\.gradle\6.5\fileContent)" [_thread_blocked, id=32476, stack(0x000000002c240000,0x000000002c340000)]
  0x000000001efb6000 JavaThread "Cache worker for Build Output Cleanup Cache (C:\Users\USER\Videos\shan\v1\Test\.gradle\buildOutputCleanup)" [_thread_blocked, id=31368, stack(0x000000002c140000,0x000000002c240000)]
  0x000000001efae800 JavaThread "jar transforms Thread 184" [_thread_blocked, id=42260, stack(0x000000002c040000,0x000000002c140000)]
  0x000000001efb1800 JavaThread "jar transforms Thread 183" [_thread_blocked, id=16296, stack(0x000000002bf40000,0x000000002c040000)]
  0x000000001efb0800 JavaThread "jar transforms Thread 182" [_thread_blocked, id=44412, stack(0x000000002be40000,0x000000002bf40000)]
  0x000000001efb5000 JavaThread "jar transforms Thread 181" [_thread_blocked, id=37196, stack(0x000000002bd40000,0x000000002be40000)]
  0x000000001efad800 JavaThread "jar transforms Thread 180" [_thread_blocked, id=27576, stack(0x000000002bc40000,0x000000002bd40000)]
  0x000000001efb4800 JavaThread "jar transforms Thread 179" [_thread_blocked, id=41580, stack(0x000000002bb40000,0x000000002bc40000)]
  0x000000001efb2000 JavaThread "jar transforms Thread 178" [_thread_blocked, id=39700, stack(0x000000002ba40000,0x000000002bb40000)]
  0x000000001efb0000 JavaThread "jar transforms Thread 177" [_thread_blocked, id=45956, stack(0x000000002b940000,0x000000002ba40000)]
  0x000000001efb3800 JavaThread "jar transforms Thread 176" [_thread_blocked, id=45544, stack(0x000000002b840000,0x000000002b940000)]
  0x000000001efaf000 JavaThread "jar transforms Thread 175" [_thread_blocked, id=13576, stack(0x000000002b640000,0x000000002b740000)]
  0x000000001efad000 JavaThread "jar transforms Thread 174" [_thread_blocked, id=36320, stack(0x000000002b540000,0x000000002b640000)]
  0x0000000021af3800 JavaThread "jar transforms Thread 173" [_thread_blocked, id=9012, stack(0x000000002b440000,0x000000002b540000)]
  0x0000000021af3000 JavaThread "jar transforms Thread 172" [_thread_blocked, id=22208, stack(0x000000002b340000,0x000000002b440000)]
  0x0000000021af2000 JavaThread "jar transforms Thread 171" [_thread_blocked, id=25336, stack(0x000000002b240000,0x000000002b340000)]
  0x0000000021af1800 JavaThread "jar transforms Thread 170" [_thread_blocked, id=32204, stack(0x000000002b140000,0x000000002b240000)]
  0x0000000021af0000 JavaThread "jar transforms Thread 169" [_thread_blocked, id=30060, stack(0x000000002b040000,0x000000002b140000)]
  0x0000000021af0800 JavaThread "jar transforms Thread 168" [_thread_blocked, id=34968, stack(0x000000002af40000,0x000000002b040000)]
  0x0000000021aef000 JavaThread "jar transforms Thread 167" [_thread_blocked, id=36628, stack(0x000000002ae40000,0x000000002af40000)]
  0x0000000021af4800 JavaThread "jar transforms Thread 166" [_thread_blocked, id=4996, stack(0x000000002ad40000,0x000000002ae40000)]
  0x0000000021ae7800 JavaThread "jar transforms Thread 165" [_thread_blocked, id=33720, stack(0x000000002ac40000,0x000000002ad40000)]
  0x0000000021aee800 JavaThread "jar transforms Thread 164" [_thread_blocked, id=6216, stack(0x000000002ab40000,0x000000002ac40000)]
  0x0000000021aed800 JavaThread "jar transforms Thread 163" [_thread_blocked, id=14172, stack(0x000000002aa40000,0x000000002ab40000)]
  0x0000000021aeb000 JavaThread "jar transforms Thread 162" [_thread_blocked, id=40588, stack(0x000000002a940000,0x000000002aa40000)]
  0x0000000021ae8000 JavaThread "jar transforms Thread 161" [_thread_blocked, id=36720, stack(0x000000002a840000,0x000000002a940000)]
  0x0000000021aed000 JavaThread "jar transforms Thread 160" [_thread_blocked, id=14464, stack(0x000000002a740000,0x000000002a840000)]
  0x0000000021ae6800 JavaThread "jar transforms Thread 159" [_thread_blocked, id=22020, stack(0x000000002a640000,0x000000002a740000)]
  0x0000000021ae9800 JavaThread "jar transforms Thread 158" [_thread_blocked, id=35208, stack(0x000000002a540000,0x000000002a640000)]
  0x0000000021ae6000 JavaThread "jar transforms Thread 157" [_thread_blocked, id=42536, stack(0x000000002a440000,0x000000002a540000)]
  0x0000000021ae9000 JavaThread "jar transforms Thread 156" [_thread_blocked, id=10672, stack(0x000000002a340000,0x000000002a440000)]
  0x0000000021aea800 JavaThread "jar transforms Thread 155" [_thread_blocked, id=21748, stack(0x000000002a240000,0x000000002a340000)]
  0x0000000021ae5000 JavaThread "jar transforms Thread 154" [_thread_blocked, id=37952, stack(0x000000002a140000,0x000000002a240000)]
  0x0000000021aec000 JavaThread "jar transforms Thread 153" [_thread_blocked, id=45504, stack(0x000000002a040000,0x000000002a140000)]
  0x0000000024cf4000 JavaThread "jar transforms Thread 152" [_thread_blocked, id=24620, stack(0x0000000029f40000,0x000000002a040000)]
  0x0000000024cf3800 JavaThread "jar transforms Thread 151" [_thread_blocked, id=44276, stack(0x0000000029e40000,0x0000000029f40000)]
  0x0000000024cf2800 JavaThread "jar transforms Thread 150" [_thread_blocked, id=25008, stack(0x0000000029d40000,0x0000000029e40000)]
  0x0000000024cf2000 JavaThread "jar transforms Thread 149" [_thread_blocked, id=16808, stack(0x0000000029c40000,0x0000000029d40000)]
  0x0000000024cef800 JavaThread "jar transforms Thread 148" [_thread_blocked, id=39164, stack(0x0000000029b40000,0x0000000029c40000)]
  0x0000000024cf1000 JavaThread "jar transforms Thread 147" [_thread_blocked, id=41192, stack(0x0000000029a40000,0x0000000029b40000)]
  0x0000000024cf0800 JavaThread "jar transforms Thread 146" [_thread_blocked, id=45700, stack(0x0000000029940000,0x0000000029a40000)]
  0x0000000024ce8000 JavaThread "jar transforms Thread 145" [_thread_blocked, id=14476, stack(0x0000000029840000,0x0000000029940000)]
  0x0000000024cee000 JavaThread "jar transforms Thread 144" [_thread_blocked, id=3768, stack(0x0000000029740000,0x0000000029840000)]
  0x0000000024cef000 JavaThread "jar transforms Thread 143" [_thread_blocked, id=5768, stack(0x0000000029640000,0x0000000029740000)]
  0x0000000024ceb000 JavaThread "jar transforms Thread 142" [_thread_blocked, id=29928, stack(0x0000000029540000,0x0000000029640000)]
  0x0000000024ced800 JavaThread "jar transforms Thread 141" [_thread_blocked, id=18632, stack(0x0000000029440000,0x0000000029540000)]
  0x0000000024cec800 JavaThread "jar transforms Thread 140" [_thread_blocked, id=43628, stack(0x0000000029340000,0x0000000029440000)]
  0x0000000024ce5000 JavaThread "jar transforms Thread 139" [_thread_blocked, id=22048, stack(0x0000000029240000,0x0000000029340000)]
  0x0000000024ce9800 JavaThread "jar transforms Thread 138" [_thread_blocked, id=41784, stack(0x0000000029140000,0x0000000029240000)]
  0x0000000024ce7800 JavaThread "jar transforms Thread 137" [_thread_blocked, id=43904, stack(0x0000000029040000,0x0000000029140000)]
  0x0000000024ce6800 JavaThread "jar transforms Thread 136" [_thread_blocked, id=40836, stack(0x0000000028f40000,0x0000000029040000)]
  0x0000000024cea800 JavaThread "jar transforms Thread 135" [_thread_blocked, id=30408, stack(0x0000000028e40000,0x0000000028f40000)]
  0x0000000024ce9000 JavaThread "jar transforms Thread 134" [_thread_blocked, id=15812, stack(0x0000000028d40000,0x0000000028e40000)]
  0x0000000024cec000 JavaThread "jar transforms Thread 133" [_thread_blocked, id=4152, stack(0x0000000028c40000,0x0000000028d40000)]
  0x0000000024ce6000 JavaThread "jar transforms Thread 132" [_thread_blocked, id=32880, stack(0x0000000028b40000,0x0000000028c40000)]
  0x000000001a169800 JavaThread "jar transforms Thread 131" [_thread_blocked, id=41760, stack(0x0000000028a40000,0x0000000028b40000)]
  0x000000001a168000 JavaThread "jar transforms Thread 130" [_thread_blocked, id=44808, stack(0x0000000028940000,0x0000000028a40000)]
  0x00000000214ed000 JavaThread "jar transforms Thread 129" [_thread_blocked, id=37368, stack(0x0000000028840000,0x0000000028940000)]
  0x00000000214ee000 JavaThread "jar transforms Thread 128" [_thread_blocked, id=38392, stack(0x0000000028740000,0x0000000028840000)]
  0x00000000214f0000 JavaThread "jar transforms Thread 127" [_thread_blocked, id=36452, stack(0x0000000028640000,0x0000000028740000)]
  0x00000000214ef800 JavaThread "jar transforms Thread 126" [_thread_blocked, id=28184, stack(0x0000000028540000,0x0000000028640000)]
  0x00000000214ee800 JavaThread "jar transforms Thread 125" [_thread_blocked, id=40888, stack(0x0000000028440000,0x0000000028540000)]
  0x00000000214ec800 JavaThread "jar transforms Thread 124" [_thread_blocked, id=42316, stack(0x0000000028340000,0x0000000028440000)]
  0x00000000214f1000 JavaThread "jar transforms Thread 123" [_thread_blocked, id=20604, stack(0x0000000028240000,0x0000000028340000)]
  0x00000000214eb800 JavaThread "jar transforms Thread 122" [_thread_blocked, id=41924, stack(0x0000000028140000,0x0000000028240000)]
  0x00000000214f1800 JavaThread "jar transforms Thread 121" [_thread_blocked, id=25764, stack(0x0000000028040000,0x0000000028140000)]
  0x00000000214e3800 JavaThread "jar transforms Thread 120" [_thread_blocked, id=20176, stack(0x0000000027f40000,0x0000000028040000)]
  0x00000000214e5000 JavaThread "jar transforms Thread 119" [_thread_blocked, id=25712, stack(0x0000000027e40000,0x0000000027f40000)]
  0x00000000214ea000 JavaThread "jar transforms Thread 118" [_thread_blocked, id=2364, stack(0x0000000027d40000,0x0000000027e40000)]
  0x00000000214e8800 JavaThread "jar transforms Thread 117" [_thread_blocked, id=39492, stack(0x0000000027c40000,0x0000000027d40000)]
  0x000000002526a000 JavaThread "jar transforms Thread 116" [_thread_blocked, id=8256, stack(0x0000000027b40000,0x0000000027c40000)]
  0x0000000025270000 JavaThread "jar transforms Thread 115" [_thread_blocked, id=36040, stack(0x0000000027a40000,0x0000000027b40000)]
  0x0000000025268800 JavaThread "jar transforms Thread 114" [_thread_blocked, id=41912, stack(0x0000000027940000,0x0000000027a40000)]
  0x000000002526f800 JavaThread "jar transforms Thread 113" [_thread_blocked, id=28024, stack(0x0000000027840000,0x0000000027940000)]
  0x000000002526d000 JavaThread "jar transforms Thread 112" [_thread_blocked, id=43436, stack(0x0000000027740000,0x0000000027840000)]
  0x0000000025267800 JavaThread "jar transforms Thread 111" [_thread_blocked, id=40088, stack(0x0000000027640000,0x0000000027740000)]
  0x0000000025265800 JavaThread "jar transforms Thread 110" [_thread_blocked, id=39272, stack(0x0000000027540000,0x0000000027640000)]
  0x000000002526c800 JavaThread "jar transforms Thread 109" [_thread_blocked, id=44472, stack(0x0000000027440000,0x0000000027540000)]
  0x000000002526b800 JavaThread "jar transforms Thread 108" [_thread_blocked, id=11028, stack(0x0000000027340000,0x0000000027440000)]
  0x000000002526b000 JavaThread "jar transforms Thread 107" [_thread_blocked, id=44708, stack(0x0000000027240000,0x0000000027340000)]
  0x0000000025266000 JavaThread "jar transforms Thread 106" [_thread_blocked, id=20344, stack(0x0000000027140000,0x0000000027240000)]
  0x0000000025263000 JavaThread "jar transforms Thread 105" [_thread_blocked, id=43600, stack(0x0000000027040000,0x0000000027140000)]
  0x0000000025264000 JavaThread "jar transforms Thread 104" [_thread_blocked, id=28288, stack(0x0000000026f40000,0x0000000027040000)]
  0x0000000025269000 JavaThread "jar transforms Thread 103" [_thread_blocked, id=45220, stack(0x0000000026e40000,0x0000000026f40000)]
  0x0000000025267000 JavaThread "jar transforms Thread 102" [_thread_blocked, id=25568, stack(0x0000000026d40000,0x0000000026e40000)]
  0x0000000025264800 JavaThread "jar transforms Thread 101" [_thread_blocked, id=44980, stack(0x0000000026c40000,0x0000000026d40000)]
  0x000000002dc28000 JavaThread "jar transforms Thread 100" [_thread_blocked, id=41804, stack(0x0000000026b40000,0x0000000026c40000)]
  0x000000002dc27000 JavaThread "jar transforms Thread 99" [_thread_blocked, id=23612, stack(0x0000000026a40000,0x0000000026b40000)]
  0x000000002dc26800 JavaThread "jar transforms Thread 98" [_thread_blocked, id=36292, stack(0x0000000026940000,0x0000000026a40000)]
  0x000000002dc25800 JavaThread "jar transforms Thread 97" [_thread_blocked, id=37068, stack(0x0000000026840000,0x0000000026940000)]
  0x000000002dc25000 JavaThread "jar transforms Thread 96" [_thread_blocked, id=43064, stack(0x0000000026540000,0x0000000026640000)]
  0x000000002dc24000 JavaThread "jar transforms Thread 95" [_thread_blocked, id=30152, stack(0x0000000026440000,0x0000000026540000)]
  0x000000002dc1c800 JavaThread "jar transforms Thread 94" [_thread_blocked, id=44928, stack(0x0000000026340000,0x0000000026440000)]
  0x000000002dc23800 JavaThread "jar transforms Thread 93" [_thread_blocked, id=41164, stack(0x0000000026240000,0x0000000026340000)]
  0x000000002dc22000 JavaThread "Build operations Thread 16" [_thread_blocked, id=41764, stack(0x0000000026140000,0x0000000026240000)]
  0x000000002dc21000 JavaThread "Build operations Thread 15" [_thread_blocked, id=43928, stack(0x0000000026040000,0x0000000026140000)]
  0x000000002dc22800 JavaThread "Build operations Thread 14" [_thread_blocked, id=16228, stack(0x0000000025f40000,0x0000000026040000)]
  0x000000002dc20800 JavaThread "Build operations Thread 13" [_thread_blocked, id=31144, stack(0x0000000025e40000,0x0000000025f40000)]
  0x000000002dc1a800 JavaThread "Build operations Thread 12" [_thread_blocked, id=43732, stack(0x0000000025d40000,0x0000000025e40000)]
  0x000000002dc1f800 JavaThread "Build operations Thread 11" [_thread_blocked, id=42288, stack(0x0000000025c40000,0x0000000025d40000)]
  0x000000002dc1f000 JavaThread "Build operations Thread 10" [_thread_blocked, id=40448, stack(0x0000000025b40000,0x0000000025c40000)]
  0x000000002dc1e000 JavaThread "Build operations Thread 9" [_thread_blocked, id=24440, stack(0x0000000025a40000,0x0000000025b40000)]
  0x000000002dc19000 JavaThread "Build operations Thread 8" [_thread_blocked, id=17828, stack(0x0000000025940000,0x0000000025a40000)]
  0x0000000021d94800 JavaThread "Build operations Thread 7" [_thread_blocked, id=43440, stack(0x0000000025840000,0x0000000025940000)]
  0x0000000021d8e000 JavaThread "Build operations Thread 6" [_thread_blocked, id=30560, stack(0x0000000025740000,0x0000000025840000)]
  0x0000000021d93000 JavaThread "Build operations Thread 5" [_thread_blocked, id=14612, stack(0x0000000025410000,0x0000000025510000)]
  0x0000000021d90000 JavaThread "Build operations Thread 4" [_thread_blocked, id=17964, stack(0x0000000023e40000,0x0000000023f40000)]
  0x0000000021d8c800 JavaThread "Build operations Thread 3" [_thread_blocked, id=37340, stack(0x0000000023640000,0x0000000023740000)]
  0x0000000021d8e800 JavaThread "Build operations Thread 2" [_thread_blocked, id=45480, stack(0x0000000023540000,0x0000000023640000)]
  0x0000000021d8d000 JavaThread "Build operations" [_thread_blocked, id=34600, stack(0x0000000023340000,0x0000000023440000)]
  0x0000000021d91800 JavaThread "Cache worker for cache directory md-rule (C:\Users\USER\.gradle\caches\6.5\md-rule)" [_thread_blocked, id=38560, stack(0x0000000023040000,0x0000000023140000)]
  0x0000000021d8b800 JavaThread "Cache worker for cache directory md-supplier (C:\Users\USER\.gradle\caches\6.5\md-supplier)" [_thread_blocked, id=25264, stack(0x00000000204a0000,0x00000000205a0000)]
  0x0000000021d92800 JavaThread "Cache worker for checksums cache (C:\Users\USER\Videos\shan\v1\Test\.gradle\checksums)" [_thread_blocked, id=24488, stack(0x00000000203a0000,0x00000000204a0000)]
  0x0000000021d85800 JavaThread "Cache worker for file hash cache (C:\Users\USER\Videos\shan\v1\Test\.gradle\6.5\fileHashes)" [_thread_blocked, id=41636, stack(0x00000000202a0000,0x00000000203a0000)]
  0x0000000021d88000 JavaThread "Thread-193" [_thread_blocked, id=9608, stack(0x00000000201a0000,0x00000000202a0000)]
  0x0000000021d89800 JavaThread "Stdin handler" [_thread_blocked, id=20760, stack(0x00000000200a0000,0x00000000201a0000)]
  0x0000000021d87000 JavaThread "Asynchronous log dispatcher for DefaultDaemonConnection: socket connection from /127.0.0.1:3105 to /127.0.0.1:3451" [_thread_blocked, id=34708, stack(0x000000001fa60000,0x000000001fb60000)]
  0x0000000021d86800 JavaThread "Daemon worker Thread 2" [_thread_blocked, id=4572, stack(0x000000001f960000,0x000000001fa60000)]
  0x0000000021d88800 JavaThread "Cancel handler" [_thread_blocked, id=43376, stack(0x00000000013e0000,0x00000000014e0000)]
  0x0000000021d8b000 JavaThread "Handler for socket connection from /127.0.0.1:3105 to /127.0.0.1:3451" [_thread_in_native, id=15016, stack(0x00000000012e0000,0x00000000013e0000)]
  0x0000000021d8a000 JavaThread "Daemon Thread 2" [_thread_blocked, id=15580, stack(0x00000000011e0000,0x00000000012e0000)]
  0x0000000021d91000 JavaThread "Memory manager" [_thread_blocked, id=27000, stack(0x000000002e310000,0x000000002e410000)]
  0x00000000214e7000 JavaThread "Cache worker for file content cache (C:\Users\USER\.gradle\caches\6.5\fileContent)" [_thread_blocked, id=26296, stack(0x0000000023f40000,0x0000000024040000)]
  0x00000000214e6800 JavaThread "Cache worker for execution history cache (C:\Users\USER\.gradle\caches\6.5\executionHistory)" [_thread_blocked, id=37464, stack(0x0000000023740000,0x0000000023840000)]
  0x000000001a167000 JavaThread "Cache worker for file hash cache (C:\Users\USER\.gradle\caches\6.5\fileHashes)" [_thread_blocked, id=37328, stack(0x0000000020ba0000,0x0000000020ca0000)]
  0x000000001a168800 JavaThread "File lock request listener" [_thread_in_native, id=3588, stack(0x0000000020aa0000,0x0000000020ba0000)]
  0x000000001cd7b800 JavaThread "Cache worker for journal cache (C:\Users\USER\.gradle\caches\journal-1)" [_thread_blocked, id=36712, stack(0x00000000209a0000,0x0000000020aa0000)]
  0x000000001e873800 JavaThread "Daemon periodic checks" [_thread_blocked, id=28492, stack(0x000000001fda0000,0x000000001fea0000)]
  0x000000001e827800 JavaThread "Incoming local TCP Connector on port 3105" [_thread_in_native, id=36376, stack(0x000000001fb60000,0x000000001fc60000)]
  0x000000001e78b800 JavaThread "Daemon health stats" [_thread_blocked, id=35964, stack(0x000000001f520000,0x000000001f620000)]
  0x000000001a1fd800 JavaThread "Service Thread" daemon [_thread_blocked, id=31168, stack(0x000000001c980000,0x000000001ca80000)]
  0x000000001a165800 JavaThread "C1 CompilerThread11" daemon [_thread_blocked, id=13900, stack(0x000000001c880000,0x000000001c980000)]
  0x000000001a16b000 JavaThread "C1 CompilerThread10" daemon [_thread_blocked, id=41420, stack(0x000000001c780000,0x000000001c880000)]
  0x000000001a16c800 JavaThread "C1 CompilerThread9" daemon [_thread_blocked, id=20932, stack(0x000000001c680000,0x000000001c780000)]
  0x000000001a16a000 JavaThread "C1 CompilerThread8" daemon [_thread_blocked, id=25224, stack(0x000000001c580000,0x000000001c680000)]
  0x000000001a166800 JavaThread "C2 CompilerThread7" daemon [_thread_in_vm, id=33512, stack(0x000000001c480000,0x000000001c580000)]
  0x000000001a16b800 JavaThread "C2 CompilerThread6" daemon [_thread_in_native, id=43772, stack(0x000000001c380000,0x000000001c480000)]
  0x000000001a153000 JavaThread "C2 CompilerThread5" daemon [_thread_blocked, id=34104, stack(0x000000001c280000,0x000000001c380000)]
  0x000000001a12e000 JavaThread "C2 CompilerThread4" daemon [_thread_blocked, id=44092, stack(0x000000001c180000,0x000000001c280000)]
  0x000000001a12d800 JavaThread "C2 CompilerThread3" daemon [_thread_blocked, id=28808, stack(0x000000001c080000,0x000000001c180000)]
  0x000000001a127000 JavaThread "C2 CompilerThread2" daemon [_thread_in_native, id=22224, stack(0x000000001bf80000,0x000000001c080000)]
  0x000000001a125000 JavaThread "C2 CompilerThread1" daemon [_thread_in_native, id=43264, stack(0x000000001be80000,0x000000001bf80000)]
=>0x000000001a122800 JavaThread "C2 CompilerThread0" daemon [_thread_in_native, id=42364, stack(0x000000001bd80000,0x000000001be80000)]
  0x000000001a121800 JavaThread "Attach Listener" daemon [_thread_blocked, id=19864, stack(0x000000001bc80000,0x000000001bd80000)]
  0x000000001a11f000 JavaThread "Signal Dispatcher" daemon [_thread_blocked, id=13732, stack(0x000000001bb80000,0x000000001bc80000)]
  0x000000001867f800 JavaThread "Finalizer" daemon [_thread_blocked, id=45264, stack(0x000000001b980000,0x000000001ba80000)]
  0x000000001a106000 JavaThread "Reference Handler" daemon [_thread_blocked, id=7124, stack(0x000000001b880000,0x000000001b980000)]
  0x0000000002f0d800 JavaThread "main" [_thread_blocked, id=1812, stack(0x0000000002f10000,0x0000000003010000)]

Other Threads:
  0x000000001a0e2000 VMThread [stack: 0x000000001b780000,0x000000001b880000] [id=37852]
  0x000000001a1dd000 WatcherThread [stack: 0x000000001ca80000,0x000000001cb80000] [id=12808]

VM state:not at safepoint (normal execution)

VM Mutex/Monitor currently owned by a thread: None

heap address: 0x0000000080000000, size: 2048 MB, Compressed Oops mode: 32-bit
Narrow klass base: 0x0000000000000000, Narrow klass shift: 3
Compressed class space size: 1073741824 Address: 0x0000000100000000

Heap:
 PSYoungGen      total 318976K, used 210971K [0x00000000d5580000, 0x00000000eab00000, 0x0000000100000000)
  eden space 296960K, 63% used [0x00000000d5580000,0x00000000e0e0c7d0,0x00000000e7780000)
  from space 22016K, 99% used [0x00000000e9580000,0x00000000eaafa4e0,0x00000000eab00000)
  to   space 25600K, 0% used [0x00000000e7900000,0x00000000e7900000,0x00000000e9200000)
 ParOldGen       total 173056K, used 33239K [0x0000000080000000, 0x000000008a900000, 0x00000000d5580000)
  object space 173056K, 19% used [0x0000000080000000,0x0000000082075fb8,0x000000008a900000)
 Metaspace       used 72504K, capacity 76066K, committed 76312K, reserved 1116160K
  class space    used 9575K, capacity 10234K, committed 10288K, reserved 1048576K

Card table byte_map: [0x00000000124d0000,0x00000000128e0000] byte_map_base: 0x00000000120d0000

Marking Bits: (ParMarkBitMap*) 0x0000000076b8f030
 Begin Bits: [0x0000000013890000, 0x0000000015890000)
 End Bits:   [0x0000000015890000, 0x0000000017890000)

Polling page: 0x0000000002e20000

CodeCache: size=245760Kb used=34169Kb max_used=34180Kb free=211590Kb
 bounds [0x0000000003110000, 0x00000000052a0000, 0x0000000012110000]
 total_blobs=10886 nmethods=10077 adapters=719
 compilation: enabled

Compilation events (10 events):
Event: 143.450 Thread 0x000000001a127000 11863       4       com.google.common.collect.ImmutableList$Builder::getReadyToExpandTo (66 bytes)
Event: 143.451 Thread 0x000000001a16a000 11864       3       com.android.ide.common.symbols.Symbol$BasicStyleableSymbol::hashCode (37 bytes)
Event: 143.451 Thread 0x000000001a16c800 11866       3       com.android.ide.common.symbols.Symbol$Companion::styleableSymbol (87 bytes)
Event: 143.451 Thread 0x000000001a165800 11865       3       com.android.ide.common.symbols.Symbol$StyleableSymbol::<init> (6 bytes)
Event: 143.451 Thread 0x000000001a166800 11867       4       com.google.common.collect.ObjectArrays::checkElementNotNull (33 bytes)
Event: 143.452 Thread 0x000000001a165800 nmethod 11865 0x0000000005291850 code [0x00000000052919c0, 0x0000000005291c30]
Event: 143.452 Thread 0x000000001a16a000 nmethod 11864 0x0000000005289f50 code [0x000000000528a0e0, 0x000000000528a518]
Event: 143.452 Thread 0x000000001a166800 nmethod 11867 0x0000000004e087d0 code [0x0000000004e08900, 0x0000000004e08958]
Event: 143.452 Thread 0x000000001a16c800 nmethod 11866 0x0000000005293610 code [0x00000000052938a0, 0x0000000005294618]
Event: 143.452 Thread 0x000000001a127000 nmethod 11863 0x0000000005293090 code [0x00000000052931e0, 0x0000000005293468]

GC Heap History (10 events):
Event: 10.428 GC heap before
{Heap before GC invocations=11 (full 2):
 PSYoungGen      total 184832K, used 184436K [0x00000000d5580000, 0x00000000e4080000, 0x0000000100000000)
  eden space 173568K, 100% used [0x00000000d5580000,0x00000000dff00000,0x00000000dff00000)
  from space 11264K, 96% used [0x00000000e3580000,0x00000000e401d158,0x00000000e4080000)
  to   space 12288K, 0% used [0x00000000e2880000,0x00000000e2880000,0x00000000e3480000)
 ParOldGen       total 129536K, used 14341K [0x0000000080000000, 0x0000000087e80000, 0x00000000d5580000)
  object space 129536K, 11% used [0x0000000080000000,0x0000000080e01690,0x0000000087e80000)
 Metaspace       used 55810K, capacity 58286K, committed 58408K, reserved 1099776K
  class space    used 7593K, capacity 8128K, committed 8240K, reserved 1048576K
Event: 10.446 GC heap after
Heap after GC invocations=11 (full 2):
 PSYoungGen      total 228352K, used 12256K [0x00000000d5580000, 0x00000000e5480000, 0x0000000100000000)
  eden space 216064K, 0% used [0x00000000d5580000,0x00000000d5580000,0x00000000e2880000)
  from space 12288K, 99% used [0x00000000e2880000,0x00000000e3478050,0x00000000e3480000)
  to   space 19456K, 0% used [0x00000000e4180000,0x00000000e4180000,0x00000000e5480000)
 ParOldGen       total 129536K, used 29684K [0x0000000080000000, 0x0000000087e80000, 0x00000000d5580000)
  object space 129536K, 22% used [0x0000000080000000,0x0000000081cfd250,0x0000000087e80000)
 Metaspace       used 55810K, capacity 58286K, committed 58408K, reserved 1099776K
  class space    used 7593K, capacity 8128K, committed 8240K, reserved 1048576K
}
Event: 10.560 GC heap before
{Heap before GC invocations=12 (full 2):
 PSYoungGen      total 228352K, used 27012K [0x00000000d5580000, 0x00000000e5480000, 0x0000000100000000)
  eden space 216064K, 6% used [0x00000000d5580000,0x00000000d63e8fb0,0x00000000e2880000)
  from space 12288K, 99% used [0x00000000e2880000,0x00000000e3478050,0x00000000e3480000)
  to   space 19456K, 0% used [0x00000000e4180000,0x00000000e4180000,0x00000000e5480000)
 ParOldGen       total 129536K, used 29684K [0x0000000080000000, 0x0000000087e80000, 0x00000000d5580000)
  object space 129536K, 22% used [0x0000000080000000,0x0000000081cfd250,0x0000000087e80000)
 Metaspace       used 56661K, capacity 59098K, committed 59160K, reserved 1099776K
  class space    used 7740K, capacity 8216K, committed 8240K, reserved 1048576K
Event: 10.582 GC heap after
Heap after GC invocations=12 (full 2):
 PSYoungGen      total 241664K, used 13424K [0x00000000d5580000, 0x00000000eaf80000, 0x0000000100000000)
  eden space 222208K, 0% used [0x00000000d5580000,0x00000000d5580000,0x00000000e2e80000)
  from space 19456K, 68% used [0x00000000e4180000,0x00000000e4e9c040,0x00000000e5480000)
  to   space 19456K, 0% used [0x00000000e2e80000,0x00000000e2e80000,0x00000000e4180000)
 ParOldGen       total 129536K, used 29692K [0x0000000080000000, 0x0000000087e80000, 0x00000000d5580000)
  object space 129536K, 22% used [0x0000000080000000,0x0000000081cff250,0x0000000087e80000)
 Metaspace       used 56661K, capacity 59098K, committed 59160K, reserved 1099776K
  class space    used 7740K, capacity 8216K, committed 8240K, reserved 1048576K
}
Event: 10.582 GC heap before
{Heap before GC invocations=13 (full 3):
 PSYoungGen      total 241664K, used 13424K [0x00000000d5580000, 0x00000000eaf80000, 0x0000000100000000)
  eden space 222208K, 0% used [0x00000000d5580000,0x00000000d5580000,0x00000000e2e80000)
  from space 19456K, 68% used [0x00000000e4180000,0x00000000e4e9c040,0x00000000e5480000)
  to   space 19456K, 0% used [0x00000000e2e80000,0x00000000e2e80000,0x00000000e4180000)
 ParOldGen       total 129536K, used 29692K [0x0000000080000000, 0x0000000087e80000, 0x00000000d5580000)
  object space 129536K, 22% used [0x0000000080000000,0x0000000081cff250,0x0000000087e80000)
 Metaspace       used 56661K, capacity 59098K, committed 59160K, reserved 1099776K
  class space    used 7740K, capacity 8216K, committed 8240K, reserved 1048576K
Event: 10.745 GC heap after
Heap after GC invocations=13 (full 3):
 PSYoungGen      total 241664K, used 0K [0x00000000d5580000, 0x00000000eaf80000, 0x0000000100000000)
  eden space 222208K, 0% used [0x00000000d5580000,0x00000000d5580000,0x00000000e2e80000)
  from space 19456K, 0% used [0x00000000e4180000,0x00000000e4180000,0x00000000e5480000)
  to   space 19456K, 0% used [0x00000000e2e80000,0x00000000e2e80000,0x00000000e4180000)
 ParOldGen       total 173056K, used 30271K [0x0000000080000000, 0x000000008a900000, 0x00000000d5580000)
  object space 173056K, 17% used [0x0000000080000000,0x0000000081d8fd70,0x000000008a900000)
 Metaspace       used 56562K, capacity 58762K, committed 59160K, reserved 1099776K
  class space    used 7709K, capacity 8160K, committed 8240K, reserved 1048576K
}
Event: 12.609 GC heap before
{Heap before GC invocations=14 (full 3):
 PSYoungGen      total 241664K, used 222208K [0x00000000d5580000, 0x00000000eaf80000, 0x0000000100000000)
  eden space 222208K, 100% used [0x00000000d5580000,0x00000000e2e80000,0x00000000e2e80000)
  from space 19456K, 0% used [0x00000000e4180000,0x00000000e4180000,0x00000000e5480000)
  to   space 19456K, 0% used [0x00000000e2e80000,0x00000000e2e80000,0x00000000e4180000)
 ParOldGen       total 173056K, used 30271K [0x0000000080000000, 0x000000008a900000, 0x00000000d5580000)
  object space 173056K, 17% used [0x0000000080000000,0x0000000081d8fd70,0x000000008a900000)
 Metaspace       used 64107K, capacity 67244K, committed 67480K, reserved 1107968K
  class space    used 8797K, capacity 9387K, committed 9392K, reserved 1048576K
Event: 12.620 GC heap after
Heap after GC invocations=14 (full 3):
 PSYoungGen      total 241664K, used 19453K [0x00000000d5580000, 0x00000000eab00000, 0x0000000100000000)
  eden space 222208K, 0% used [0x00000000d5580000,0x00000000d5580000,0x00000000e2e80000)
  from space 19456K, 99% used [0x00000000e2e80000,0x00000000e417f678,0x00000000e4180000)
  to   space 22016K, 0% used [0x00000000e9580000,0x00000000e9580000,0x00000000eab00000)
 ParOldGen       total 173056K, used 30388K [0x0000000080000000, 0x000000008a900000, 0x00000000d5580000)
  object space 173056K, 17% used [0x0000000080000000,0x0000000081dad3c8,0x000000008a900000)
 Metaspace       used 64107K, capacity 67244K, committed 67480K, reserved 1107968K
  class space    used 8797K, capacity 9387K, committed 9392K, reserved 1048576K
}
Event: 36.034 GC heap before
{Heap before GC invocations=15 (full 3):
 PSYoungGen      total 241664K, used 241661K [0x00000000d5580000, 0x00000000eab00000, 0x0000000100000000)
  eden space 222208K, 100% used [0x00000000d5580000,0x00000000e2e80000,0x00000000e2e80000)
  from space 19456K, 99% used [0x00000000e2e80000,0x00000000e417f678,0x00000000e4180000)
  to   space 22016K, 0% used [0x00000000e9580000,0x00000000e9580000,0x00000000eab00000)
 ParOldGen       total 173056K, used 30388K [0x0000000080000000, 0x000000008a900000, 0x00000000d5580000)
  object space 173056K, 17% used [0x0000000080000000,0x0000000081dad3c8,0x000000008a900000)
 Metaspace       used 68194K, capacity 71464K, committed 71704K, reserved 1112064K
  class space    used 9071K, capacity 9681K, committed 9776K, reserved 1048576K
Event: 36.050 GC heap after
Heap after GC invocations=15 (full 3):
 PSYoungGen      total 318976K, used 21993K [0x00000000d5580000, 0x00000000eab00000, 0x0000000100000000)
  eden space 296960K, 0% used [0x00000000d5580000,0x00000000d5580000,0x00000000e7780000)
  from space 22016K, 99% used [0x00000000e9580000,0x00000000eaafa4e0,0x00000000eab00000)
  to   space 25600K, 0% used [0x00000000e7900000,0x00000000e7900000,0x00000000e9200000)
 ParOldGen       total 173056K, used 33239K [0x0000000080000000, 0x000000008a900000, 0x00000000d5580000)
  object space 173056K, 19% used [0x0000000080000000,0x0000000082075fb8,0x000000008a900000)
 Metaspace       used 68194K, capacity 71464K, committed 71704K, reserved 1112064K
  class space    used 9071K, capacity 9681K, committed 9776K, reserved 1048576K
}

Deoptimization events (10 events):
Event: 139.978 Thread 0x000000001efb3000 Uncommon trap: reason=class_check action=maybe_recompile pc=0x0000000004b576f0 method=org.gradle.internal.vfs.impl.DefaultVirtualFileSystem.readLocation(Ljava/lang/String;)Lorg/gradle/internal/snapshot/CompleteFileSystemLocationSnapshot; @ 8
Event: 140.321 Thread 0x000000001efbb000 Uncommon trap: reason=predicate action=maybe_recompile pc=0x0000000004e5fdd8 method=java.util.TimSort.binarySort([Ljava/lang/Object;IIILjava/util/Comparator;)V @ 37
Event: 140.447 Thread 0x000000001efbb000 Uncommon trap: reason=unstable_if action=reinterpret pc=0x0000000004791d78 method=java.lang.String.lastIndexOf([CII[CIII)I @ 17
Event: 140.851 Thread 0x000000001efbb000 Uncommon trap: reason=unstable_if action=reinterpret pc=0x000000000462bae0 method=java.io.ObjectOutputStream$BlockDataOutputStream.writeBytes(Ljava/lang/String;)V @ 22
Event: 140.870 Thread 0x000000001d04b800 Uncommon trap: reason=unstable_if action=reinterpret pc=0x0000000004f39f5c method=org.gradle.internal.operations.DefaultBuildOperationExecutor.determineParent(Lorg/gradle/internal/operations/BuildOperationDescriptor$Builder;Lorg/gradle/internal/operations
Event: 140.871 Thread 0x000000001d04b800 Uncommon trap: reason=unstable_if action=reinterpret pc=0x0000000004ec3d50 method=org.gradle.internal.operations.BuildOperationDescriptor$Builder.build(Lorg/gradle/internal/operations/OperationIdentifier;Lorg/gradle/internal/operations/OperationIdentifier
Event: 141.099 Thread 0x000000001d04b800 Uncommon trap: reason=unstable_if action=reinterpret pc=0x000000000379f288 method=sun.nio.cs.UTF_8$Encoder.encodeArrayLoop(Ljava/nio/CharBuffer;Ljava/nio/ByteBuffer;)Ljava/nio/charset/CoderResult; @ 113
Event: 143.253 Thread 0x000000001d04c000 Uncommon trap: reason=unstable_if action=reinterpret pc=0x000000000497554c method=java.io.BufferedReader.readLine(Z)Ljava/lang/String; @ 192
Event: 143.344 Thread 0x000000001d04b800 Uncommon trap: reason=bimorphic action=maybe_recompile pc=0x0000000003e2103c method=java.util.stream.ReferencePipeline.collect(Ljava/util/stream/Collector;)Ljava/lang/Object; @ 118
Event: 143.389 Thread 0x000000001d04b800 Uncommon trap: reason=unstable_if action=reinterpret pc=0x00000000047d0c04 method=java.util.concurrent.ConcurrentHashMap.putVal(Ljava/lang/Object;Ljava/lang/Object;Z)Ljava/lang/Object; @ 195

Classes redefined (0 events):
No events

Internal exceptions (10 events):
Event: 36.051 Thread 0x00000000214f0000 Implicit null exception at 0x0000000004682a63 to 0x00000000046830d1
Event: 36.261 Thread 0x000000002526d000 Implicit null exception at 0x0000000003eaf970 to 0x0000000003eafa11
Event: 139.890 Thread 0x0000000021d86800 Exception <a 'sun/nio/fs/WindowsException'> (0x00000000d99a7988) thrown at [C:\src\AOSP-openjdk-git\hotspot\src\share\vm\prims\jni.cpp, line 710]
Event: 140.850 Thread 0x000000001efbb000 Exception <a 'java/lang/NoSuchMethodError': <clinit>> (0x00000000dfe1c108) thrown at [C:\src\AOSP-openjdk-git\hotspot\src\share\vm\prims\jni.cpp, line 1615]
Event: 140.851 Thread 0x000000001efbb000 Exception <a 'java/lang/NoSuchMethodError': <clinit>> (0x00000000dfe3ed08) thrown at [C:\src\AOSP-openjdk-git\hotspot\src\share\vm\prims\jni.cpp, line 1615]
Event: 140.852 Thread 0x000000001efbb000 Exception <a 'java/lang/NoSuchMethodError': <clinit>> (0x00000000dfe5d030) thrown at [C:\src\AOSP-openjdk-git\hotspot\src\share\vm\prims\jni.cpp, line 1615]
Event: 140.852 Thread 0x000000001efbb000 Exception <a 'java/lang/NoSuchMethodError': <clinit>> (0x00000000dfe6ce40) thrown at [C:\src\AOSP-openjdk-git\hotspot\src\share\vm\prims\jni.cpp, line 1615]
Event: 140.854 Thread 0x000000001efbb000 Exception <a 'java/lang/NoSuchMethodError': <clinit>> (0x00000000dfe9cc10) thrown at [C:\src\AOSP-openjdk-git\hotspot\src\share\vm\prims\jni.cpp, line 1615]
Event: 140.862 Thread 0x000000001efbb000 Exception <a 'java/lang/NoSuchMethodError': <clinit>> (0x00000000dff513e0) thrown at [C:\src\AOSP-openjdk-git\hotspot\src\share\vm\prims\jni.cpp, line 1615]
Event: 141.098 Thread 0x000000001d04b800 Exception <a 'java/lang/NoSuchMethodError': java.lang.Object.lambda$negate$1(Ljava/lang/Object;)Z> (0x00000000e02f3510) thrown at [C:\src\AOSP-openjdk-git\hotspot\src\share\vm\interpreter\linkResolver.cpp, line 620]

Events (10 events):
Event: 143.409 loading class com/google/common/collect/SparseImmutableTable
Event: 143.409 loading class com/google/common/collect/SparseImmutableTable done
Event: 143.410 loading class com/google/common/collect/RegularImmutableTable$Values
Event: 143.410 loading class com/google/common/collect/RegularImmutableTable$Values done
Event: 143.411 loading class com/google/common/collect/RegularImmutableTable$CellSet
Event: 143.411 loading class com/google/common/collect/RegularImmutableTable$CellSet done
Event: 143.438 loading class com/android/ide/common/symbols/Symbol$BasicNormalSymbol
Event: 143.438 loading class com/android/ide/common/symbols/Symbol$BasicNormalSymbol done
Event: 143.439 loading class com/android/ide/common/symbols/Symbol$BasicAttributeSymbol
Event: 143.439 loading class com/android/ide/common/symbols/Symbol$BasicAttributeSymbol done


Dynamic libraries:
0x00007ff6df650000 - 0x00007ff6df681000 	C:\Program Files\Android\Android Studio\jre\bin\java.exe
0x00007fff49b90000 - 0x00007fff49d86000 	C:\Windows\SYSTEM32\ntdll.dll
0x00007fff48850000 - 0x00007fff4890d000 	C:\Windows\System32\KERNEL32.DLL
0x00007fff47560000 - 0x00007fff47829000 	C:\Windows\System32\KERNELBASE.dll
0x00007fff49300000 - 0x00007fff493ac000 	C:\Windows\System32\ADVAPI32.dll
0x00007fff48c40000 - 0x00007fff48cde000 	C:\Windows\System32\msvcrt.dll
0x00007fff47d90000 - 0x00007fff47e2c000 	C:\Windows\System32\sechost.dll
0x00007fff486c0000 - 0x00007fff487eb000 	C:\Windows\System32\RPCRT4.dll
0x00007fff47bf0000 - 0x00007fff47d90000 	C:\Windows\System32\USER32.dll
0x00007fff479e0000 - 0x00007fff47a02000 	C:\Windows\System32\win32u.dll
0x00007fff492d0000 - 0x00007fff492fa000 	C:\Windows\System32\GDI32.dll
0x00007fff47a10000 - 0x00007fff47b1b000 	C:\Windows\System32\gdi32full.dll
0x00007fff474c0000 - 0x00007fff4755d000 	C:\Windows\System32\msvcp_win.dll
0x00007fff478e0000 - 0x00007fff479e0000 	C:\Windows\System32\ucrtbase.dll
0x00007fff37330000 - 0x00007fff375cb000 	C:\Windows\WinSxS\amd64_microsoft.windows.common-controls_6595b64144ccf1df_6.0.19041.746_none_ca02b4b61b8320a4\COMCTL32.dll
0x00007fff49240000 - 0x00007fff49270000 	C:\Windows\System32\IMM32.DLL
0x0000000077af0000 - 0x0000000077bc2000 	C:\Program Files\Android\Android Studio\jre\jre\bin\msvcr100.dll
0x00000000763c0000 - 0x0000000076c0b000 	C:\Program Files\Android\Android Studio\jre\jre\bin\server\jvm.dll
0x00007fff499b0000 - 0x00007fff499b8000 	C:\Windows\System32\PSAPI.DLL
0x00007fff3a5f0000 - 0x00007fff3a617000 	C:\Windows\SYSTEM32\WINMM.dll
0x00007fff3d0a0000 - 0x00007fff3d0aa000 	C:\Windows\SYSTEM32\VERSION.dll
0x00007fff1afc0000 - 0x00007fff1afc9000 	C:\Windows\SYSTEM32\WSOCK32.dll
0x00007fff48cf0000 - 0x00007fff48d5b000 	C:\Windows\System32\WS2_32.dll
0x00007fff30910000 - 0x00007fff3091f000 	C:\Program Files\Android\Android Studio\jre\jre\bin\verify.dll
0x00007fff308b0000 - 0x00007fff308d9000 	C:\Program Files\Android\Android Studio\jre\jre\bin\java.dll
0x00007fff30600000 - 0x00007fff30616000 	C:\Program Files\Android\Android Studio\jre\jre\bin\zip.dll
0x00007fff47f70000 - 0x00007fff486b2000 	C:\Windows\System32\SHELL32.dll
0x00007fff45440000 - 0x00007fff45bd0000 	C:\Windows\SYSTEM32\windows.storage.dll
0x00007fff495f0000 - 0x00007fff49946000 	C:\Windows\System32\combase.dll
0x00007fff46d30000 - 0x00007fff46d5c000 	C:\Windows\SYSTEM32\Wldp.dll
0x00007fff48910000 - 0x00007fff489be000 	C:\Windows\System32\SHCORE.dll
0x00007fff49270000 - 0x00007fff492c5000 	C:\Windows\System32\shlwapi.dll
0x00007fff47200000 - 0x00007fff47226000 	C:\Windows\SYSTEM32\profapi.dll
0x00007fff305e0000 - 0x00007fff305fa000 	C:\Program Files\Android\Android Studio\jre\jre\bin\net.dll
0x00007fff46ab0000 - 0x00007fff46b1a000 	C:\Windows\system32\mswsock.dll
0x00007fff305c0000 - 0x00007fff305d3000 	C:\Program Files\Android\Android Studio\jre\jre\bin\nio.dll
0x00007fff3b5e0000 - 0x00007fff3b607000 	C:\Users\USER\.gradle\native\f6784746aeab05261644944871eae4fe03e0ef1612fff0a4a95f87b438bc6780\windows-amd64\native-platform.dll
0x00007fff308a0000 - 0x00007fff308ad000 	C:\Program Files\Android\Android Studio\jre\jre\bin\management.dll
0x00007fff46c90000 - 0x00007fff46ca8000 	C:\Windows\SYSTEM32\CRYPTSP.dll
0x00007fff463e0000 - 0x00007fff46414000 	C:\Windows\system32\rsaenh.dll
0x00007fff47330000 - 0x00007fff47357000 	C:\Windows\System32\bcrypt.dll
0x00007fff471c0000 - 0x00007fff471ee000 	C:\Windows\SYSTEM32\USERENV.dll
0x00007fff47b70000 - 0x00007fff47bf0000 	C:\Windows\System32\bcryptprimitives.dll
0x00007fff46c80000 - 0x00007fff46c8c000 	C:\Windows\SYSTEM32\CRYPTBASE.dll
0x00007fff46750000 - 0x00007fff4678b000 	C:\Windows\SYSTEM32\IPHLPAPI.DLL
0x00007fff48ce0000 - 0x00007fff48ce8000 	C:\Windows\System32\NSI.dll
0x00007fff3ee90000 - 0x00007fff3eea7000 	C:\Windows\SYSTEM32\dhcpcsvc6.DLL
0x00007fff3ee70000 - 0x00007fff3ee8d000 	C:\Windows\SYSTEM32\dhcpcsvc.DLL
0x00007fff467a0000 - 0x00007fff4686b000 	C:\Windows\SYSTEM32\DNSAPI.dll
0x00007fff3efa0000 - 0x00007fff3efab000 	C:\Windows\SYSTEM32\WINNSI.DLL

VM Arguments:
jvm_args: -Xmx2048m -Dfile.encoding=UTF-8 -Duser.country=US -Duser.language=en -Duser.variant 
java_command: org.gradle.launcher.daemon.bootstrap.GradleDaemon 6.5
java_class_path (initial): C:\Users\USER\.gradle\wrapper\dists\gradle-6.5-all\2oz4ud9k3tuxjg84bbf55q0tn\gradle-6.5\lib\gradle-launcher-6.5.jar
Launcher Type: SUN_STANDARD

Environment Variables:
PATH=C:\Windows\system32;C:\Windows;C:\Windows\System32\Wbem;C:\Windows\System32\WindowsPowerShell\v1.0\;C:\Windows\System32\OpenSSH\;C:\Program Files (x86)\NVIDIA Corporation\PhysX\Common;C:\Program Files\NVIDIA Corporation\NVIDIA NvDLISR;C:\Program Files\Git\cmd;C:\Program Files\Wolfram Research\WolframScript\;C:\Android\sdk\platform-tools;C:\Program Files\Common Files\Oracle\Java\javapath;C:\Users\USER\AppData\Local\Android\Sdk\platform-tools;C:\Program Files\MySQL\MySQL Shell 8.0\bin\;C:\Users\USER\AppData\Local\Microsoft\WindowsApps;C:\Users\USER\AppData\Local\Android\Sdk\platform-tools;C:\Android\sdk\platform-tools;
USERNAME=USER
OS=Windows_NT
PROCESSOR_IDENTIFIER=AMD64 Family 23 Model 113 Stepping 0, AuthenticAMD



---------------  S Y S T E M  ---------------

OS: Windows 10.0 , 64 bit Build 19041 (10.0.19041.804)

CPU:total 16 (initial active 16) (16 cores per cpu, 1 threads per core) family 23 model 113 stepping 0, cmov, cx8, fxsr, mmx, sse, sse2, sse3, ssse3, sse4.1, sse4.2, popcnt, avx, avx2, aes, clmul, mmxext, 3dnowpref, lzcnt, sse4a, tsc, tscinvbit, tscinv, bmi1

Memory: 4k page, physical 16725088k(79764k free), swap 49493464k(0k free)

vm_info: OpenJDK 64-Bit Server VM (25.242-b01) for windows-amd64 JRE (1.8.0_242-release-1644-b01), built by "builder" with MS VC++ 10.0 (VS2010)

time: Tue Mar 16 11:29:56 2021
timezone: Bangladesh Standard Time
elapsed time: 143 seconds (0d 0h 2m 23s)

